<?xml version="1.0" encoding="UTF-8"?>
<testng-results total="1" passed="1" failed="0" skipped="0">
  <reporter-output>
  </reporter-output>
  <suite started-at="2019-01-30T08:53:42Z" name="Default suite" finished-at="2019-01-30T08:54:17Z" duration-ms="35427">
    <groups>
    </groups>
    <test started-at="2019-01-30T08:53:42Z" name="Default test" finished-at="2019-01-30T08:54:17Z" duration-ms="35427">
      <class name="guru99.gittest.DemoApp">
        <test-method signature="guru99tutorial()[pri:0, instance:guru99.gittest.DemoApp@b2c9a9c]" started-at="2019-01-30T14:23:42Z" name="guru99tutorial" finished-at="2019-01-30T14:24:17Z" duration-ms="35402" status="PASS">
          <reporter-output>
          </reporter-output>
        </test-method> <!-- guru99tutorial -->
      </class> <!-- guru99.gittest.DemoApp -->
    </test> <!-- Default test -->
  </suite> <!-- Default suite -->
</testng-results>
